SF:lib/common/utils/byte_util.dart
DA:6,1
DA:13,1
DA:15,2
DA:16,1
DA:19,2
DA:20,2
DA:21,2
DA:22,2
LF:8
LH:8
end_of_record
SF:lib/common/utils/json_util.dart
DA:5,2
DA:6,2
DA:7,4
DA:8,2
DA:9,2
DA:11,2
DA:12,1
DA:14,1
LF:8
LH:8
end_of_record
SF:lib/data/datasources/local_data_source.dart
DA:10,3
DA:11,3
DA:12,3
DA:13,3
DA:29,1
DA:31,1
DA:32,2
DA:33,2
DA:34,3
DA:35,1
DA:36,1
DA:37,4
DA:38,2
DA:40,3
DA:41,2
DA:42,0
DA:43,0
DA:44,2
DA:45,1
DA:46,1
DA:49,1
DA:51,1
DA:54,1
DA:56,1
DA:57,1
DA:58,2
DA:59,4
DA:60,1
DA:61,2
DA:62,3
DA:64,3
DA:65,3
DA:66,2
DA:67,4
DA:68,1
DA:70,3
DA:71,3
DA:72,1
DA:75,1
DA:77,1
DA:78,2
DA:79,2
DA:80,1
DA:81,2
DA:82,1
DA:84,3
DA:85,2
DA:86,1
DA:87,5
DA:88,2
DA:89,1
DA:90,2
DA:91,1
DA:92,1
DA:93,2
DA:94,3
DA:95,1
DA:97,1
LF:58
LH:56
end_of_record
SF:lib/common/extensions.dart
DA:6,1
DA:7,1
DA:8,3
DA:9,4
DA:15,1
DA:18,1
DA:20,1
DA:30,1
DA:32,1
DA:41,1
DA:42,1
DA:43,2
DA:51,0
DA:53,0
DA:55,0
DA:56,0
DA:59,0
DA:61,0
DA:67,1
DA:68,2
DA:70,2
DA:72,2
DA:74,2
DA:83,1
DA:84,1
DA:85,2
DA:86,0
DA:93,1
DA:95,1
DA:97,1
DA:99,1
DA:101,1
LF:32
LH:25
end_of_record
SF:lib/data/models/http_activity.dart
DA:11,1
LF:1
LH:1
end_of_record
SF:lib/data/models/http_error.dart
DA:9,1
LF:1
LH:1
end_of_record
SF:lib/data/models/http_request.dart
DA:16,1
LF:1
LH:1
end_of_record
SF:lib/data/models/http_response.dart
DA:13,1
LF:1
LH:1
end_of_record
